<?xml version="1.0" encoding="UTF-8"?>
<!-- Generated by org.testng.reporters.JUnitReportReporter -->
<testsuite hostname="28APO2678" name="comPageObjectsTestSaviaDigital.EditarPerfil" tests="1" failures="0" timestamp="23 Sep 2016 09:36:08 GMT" time="47.228" errors="0">
  <testcase name="MoficarPerfil" time="47.228" classname="comPageObjectsTestSaviaDigital.EditarPerfil"/>
</testsuite> <!-- comPageObjectsTestSaviaDigital.EditarPerfil -->
