<?xml version="1.0" encoding="UTF-8"?>
<!-- Generated by org.testng.reporters.JUnitReportReporter -->
<testsuite hostname="28APO2678" name="comPageObjectsTestSaviaDigital.NotasCuaderno" tests="1" failures="0" timestamp="22 Sep 2016 12:23:24 GMT" time="12.219" errors="0">
  <testcase name="NotaEnCuaderno" time="12.219" classname="comPageObjectsTestSaviaDigital.NotasCuaderno"/>
</testsuite> <!-- comPageObjectsTestSaviaDigital.NotasCuaderno -->
