<?xml version="1.0" encoding="UTF-8"?>
<!-- Generated by org.testng.reporters.JUnitReportReporter -->
<testsuite hostname="28APO2678" name="comPageObjectsTestSaviaDigital.VerAnotacionTareaRealizada" tests="1" failures="0" timestamp="22 Sep 2016 12:40:13 GMT" time="10.450" errors="0">
  <testcase name="VerAnotacion" time="10.450" classname="comPageObjectsTestSaviaDigital.VerAnotacionTareaRealizada"/>
</testsuite> <!-- comPageObjectsTestSaviaDigital.VerAnotacionTareaRealizada -->
