<?xml version="1.0" encoding="UTF-8"?>
<!-- Generated by org.testng.reporters.JUnitReportReporter -->
<testsuite hostname="28APO2678" name="comPageObjectsTestSaviaDigital.SeleccionarEnlaceWeb" tests="1" failures="0" timestamp="22 Sep 2016 12:53:03 GMT" time="15.932" errors="0">
  <testcase name="AbrirEnlaceWbebProfe" time="15.932" classname="comPageObjectsTestSaviaDigital.SeleccionarEnlaceWeb"/>
</testsuite> <!-- comPageObjectsTestSaviaDigital.SeleccionarEnlaceWeb -->
