<?xml version="1.0" encoding="UTF-8"?>
<!-- Generated by org.testng.reporters.JUnitReportReporter -->
<testsuite hostname="28APO2678" name="comPageObjectsTestSaviaDigital.FullScreenVideoAlumno" tests="1" failures="0" timestamp="22 Sep 2016 12:53:03 GMT" time="18.798" errors="0">
  <testcase name="ReproducirVideoFullScreenAlumno" time="18.798" classname="comPageObjectsTestSaviaDigital.FullScreenVideoAlumno"/>
</testsuite> <!-- comPageObjectsTestSaviaDigital.FullScreenVideoAlumno -->
