<?xml version="1.0" encoding="UTF-8"?>
<!-- Generated by org.testng.reporters.JUnitReportReporter -->
<testsuite hostname="28APO2678" name="comPageObjectsTestSaviaDigital.EditarNota1" tests="1" failures="0" timestamp="22 Sep 2016 12:53:03 GMT" time="12.479" errors="0">
  <testcase name="editarNota" time="12.479" classname="comPageObjectsTestSaviaDigital.EditarNota1"/>
</testsuite> <!-- comPageObjectsTestSaviaDigital.EditarNota1 -->
