<?xml version="1.0" encoding="UTF-8"?>
<!-- Generated by org.testng.reporters.JUnitReportReporter -->
<testsuite hostname="28APO2678" name="comPageObjectsTestSaviaDigital.VerForoAsignado" tests="1" failures="0" timestamp="16 Aug 2016 10:32:50 GMT" time="14.030" errors="0">
  <testcase name="VerForos" time="14.030" classname="comPageObjectsTestSaviaDigital.VerForoAsignado"/>
</testsuite> <!-- comPageObjectsTestSaviaDigital.VerForoAsignado -->
