<?xml version="1.0" encoding="UTF-8"?>
<!-- Generated by org.testng.reporters.JUnitReportReporter -->
<testsuite hostname="28APO2678" name="comPageObjectsTestSaviaDigital.PaginaSiguienteProfesor" tests="1" failures="0" timestamp="22 Sep 2016 12:31:47 GMT" time="17.681" errors="0">
  <testcase name="paginasiguiente" time="17.681" classname="comPageObjectsTestSaviaDigital.PaginaSiguienteProfesor"/>
</testsuite> <!-- comPageObjectsTestSaviaDigital.PaginaSiguienteProfesor -->
