<?xml version="1.0" encoding="UTF-8"?>
<!-- Generated by org.testng.reporters.JUnitReportReporter -->
<testsuite hostname="28APO2678" name="comPageObjectsTestSaviaDigital.CuadernoAlumno" tests="1" failures="0" timestamp="22 Sep 2016 10:14:02 GMT" time="12.420" errors="0">
  <testcase name="EntrarEnCuadernoAlumno" time="12.420" classname="comPageObjectsTestSaviaDigital.CuadernoAlumno"/>
</testsuite> <!-- comPageObjectsTestSaviaDigital.CuadernoAlumno -->
