<?xml version="1.0" encoding="UTF-8"?>
<!-- Generated by org.testng.reporters.JUnitReportReporter -->
<testsuite hostname="28APO2678" name="comPageObjectsTestSaviaDigital.SeleccionarIdiomaProfesor" tests="1" failures="0" timestamp="23 Sep 2016 09:36:08 GMT" time="9.373" errors="0">
  <testcase name="ModificarIdioma" time="9.373" classname="comPageObjectsTestSaviaDigital.SeleccionarIdiomaProfesor"/>
</testsuite> <!-- comPageObjectsTestSaviaDigital.SeleccionarIdiomaProfesor -->
