<?xml version="1.0" encoding="UTF-8"?>
<!-- Generated by org.testng.reporters.JUnitReportReporter -->
<testsuite hostname="28APO2678" name="comPageObjectsTestSaviaDigital.Login" tests="1" failures="0" timestamp="23 Sep 2016 09:36:08 GMT" time="8.499" errors="0">
  <testcase name="LoginCorrecto" time="8.499" classname="comPageObjectsTestSaviaDigital.Login"/>
</testsuite> <!-- comPageObjectsTestSaviaDigital.Login -->
