<?xml version="1.0" encoding="UTF-8"?>
<!-- Generated by org.testng.reporters.JUnitReportReporter -->
<testsuite hostname="28APO2678" name="compageObjectstestsmConectados.SeleccionarLibro" tests="1" failures="0" timestamp="25 May 2016 09:03:00 GMT" time="7.618" errors="0">
  <testcase name="seleccionarLibro" time="7.618" classname="compageObjectstestsmConectados.SeleccionarLibro"/>
</testsuite> <!-- compageObjectstestsmConectados.SeleccionarLibro -->
