<?xml version="1.0" encoding="UTF-8"?>
<!-- Generated by org.testng.reporters.JUnitReportReporter -->
<testsuite hostname="28APO2678" name="comPageObjectsTestSaviaDigital.SeleccionarLibroAlumno" tests="1" failures="0" timestamp="22 Sep 2016 12:29:04 GMT" time="9.869" errors="0">
  <testcase name="SeleccionarLibroAlum" time="9.869" classname="comPageObjectsTestSaviaDigital.SeleccionarLibroAlumno"/>
</testsuite> <!-- comPageObjectsTestSaviaDigital.SeleccionarLibroAlumno -->
