<?xml version="1.0" encoding="UTF-8"?>
<!-- Generated by org.testng.reporters.JUnitReportReporter -->
<testsuite hostname="28APO2678" name="comPageObjectsTestSaviaDigital.VerTareasCompletadasAlumno" tests="1" failures="0" timestamp="22 Aug 2016 09:12:17 GMT" time="10.644" errors="0">
  <testcase name="creargurpos" time="10.644" classname="comPageObjectsTestSaviaDigital.VerTareasCompletadasAlumno"/>
</testsuite> <!-- comPageObjectsTestSaviaDigital.VerTareasCompletadasAlumno -->
