<?xml version="1.0" encoding="UTF-8"?>
<!-- Generated by org.testng.reporters.JUnitReportReporter -->
<testsuite hostname="28APO2678" name="comPageObjectstestSmConectados.AniadirLicencia" tests="1" failures="0" timestamp="16 Aug 2016 13:19:29 GMT" time="9.319" errors="0">
  <testcase name="AniadirLicenciaLibro" time="9.319" classname="comPageObjectstestSmConectados.AniadirLicencia"/>
</testsuite> <!-- comPageObjectstestSmConectados.AniadirLicencia -->
