<?xml version="1.0" encoding="UTF-8"?>
<!-- Generated by org.testng.reporters.JUnitReportReporter -->
<testsuite hostname="28APO2678" name="comPageObjectsTestSaviaDigital.SelectUnidadDidactica" tests="2" failures="0" timestamp="22 Sep 2016 12:30:17 GMT" time="31.121" errors="0">
  <testcase name="seleccionarUnidadDidactica" time="14.505" classname="comPageObjectsTestSaviaDigital.SelectUnidadDidactica"/>
  <testcase name="seleccionarUnidadDidactica" time="16.616" classname="comPageObjectsTestSaviaDigital.SelectUnidadDidactica"/>
</testsuite> <!-- comPageObjectsTestSaviaDigital.SelectUnidadDidactica -->
