<?xml version="1.0" encoding="UTF-8"?>
<!-- Generated by org.testng.reporters.JUnitReportReporter -->
<testsuite hostname="28APO2678" name="comPageObjectsTestSaviaDigital.AniadirRecursoInteractivoURLConVisibilidadAlumno" tests="1" failures="0" timestamp="22 Sep 2016 12:53:03 GMT" time="12.694" errors="0">
  <testcase name="AniadirURLConOjito" time="12.694" classname="comPageObjectsTestSaviaDigital.AniadirRecursoInteractivoURLConVisibilidadAlumno"/>
</testsuite> <!-- comPageObjectsTestSaviaDigital.AniadirRecursoInteractivoURLConVisibilidadAlumno -->
