<?xml version="1.0" encoding="UTF-8"?>
<!-- Generated by org.testng.reporters.JUnitReportReporter -->
<testsuite hostname="28APO2678" name="comPageObjectsTestSaviaDigital.OtrosBloquesAlumno" tests="1" failures="0" timestamp="22 Sep 2016 10:14:02 GMT" time="12.480" errors="0">
  <testcase name="SeleccionarOtrosBloquesA" time="12.480" classname="comPageObjectsTestSaviaDigital.OtrosBloquesAlumno"/>
</testsuite> <!-- comPageObjectsTestSaviaDigital.OtrosBloquesAlumno -->
