<?xml version="1.0" encoding="UTF-8"?>
<!-- Generated by org.testng.reporters.JUnitReportReporter -->
<testsuite hostname="28APO2678" name="comPageObjectsTestSaviaDigital.CrearGaleria" tests="1" failures="0" timestamp="23 Sep 2016 06:23:01 GMT" time="15.124" errors="0">
  <testcase name="crearGalerias" time="15.124" classname="comPageObjectsTestSaviaDigital.CrearGaleria"/>
</testsuite> <!-- comPageObjectsTestSaviaDigital.CrearGaleria -->
