<?xml version="1.0" encoding="UTF-8"?>
<!-- Generated by org.testng.reporters.JUnitReportReporter -->
<testsuite hostname="28APO2678" name="comPageObjectsTestSaviaDigital.NotaModificadaTareaCreadaProfesor" tests="1" failures="0" timestamp="20 Sep 2016 14:17:08 GMT" time="10.841" errors="0">
  <testcase name="VerNotaModificada" time="10.841" classname="comPageObjectsTestSaviaDigital.NotaModificadaTareaCreadaProfesor"/>
</testsuite> <!-- comPageObjectsTestSaviaDigital.NotaModificadaTareaCreadaProfesor -->
