<?xml version="1.0" encoding="UTF-8"?>
<!-- Generated by org.testng.reporters.JUnitReportReporter -->
<testsuite hostname="28APO2678" name="comPageObjectsTestSaviaDigital.EliminarRecursoPersonalizado" tests="1" failures="0" timestamp="22 Sep 2016 12:53:03 GMT" time="17.335" errors="0">
  <testcase name="EliminarRecurso" time="17.335" classname="comPageObjectsTestSaviaDigital.EliminarRecursoPersonalizado"/>
</testsuite> <!-- comPageObjectsTestSaviaDigital.EliminarRecursoPersonalizado -->
