<?xml version="1.0" encoding="UTF-8"?>
<!-- Generated by org.testng.reporters.JUnitReportReporter -->
<testsuite hostname="28APO2678" name="comPageObjectsTestSaviaDigital.VistaAmpliadaForoProfesor" tests="1" failures="0" timestamp="22 Sep 2016 12:40:13 GMT" time="18.842" errors="0">
  <testcase name="VistaAmpliadaForoProfesores" time="18.842" classname="comPageObjectsTestSaviaDigital.VistaAmpliadaForoProfesor"/>
</testsuite> <!-- comPageObjectsTestSaviaDigital.VistaAmpliadaForoProfesor -->
