<?xml version="1.0" encoding="UTF-8"?>
<!-- Generated by org.testng.reporters.JUnitReportReporter -->
<testsuite hostname="28APO2678" name="comPageObjectsTestSaviaDigital.SeleccionarLibroProfesor" tests="1" failures="0" timestamp="22 Sep 2016 12:29:04 GMT" time="10.447" errors="0">
  <testcase name="SeleccionarLibroprofe" time="10.447" classname="comPageObjectsTestSaviaDigital.SeleccionarLibroProfesor"/>
</testsuite> <!-- comPageObjectsTestSaviaDigital.SeleccionarLibroProfesor -->
