<?xml version="1.0" encoding="UTF-8"?>
<!-- Generated by org.testng.reporters.JUnitReportReporter -->
<testsuite hostname="28APO2678" name="compageObjectsTestsaviaDigital.AniadirAnotación" tests="3" failures="0" timestamp="25 May 2016 14:38:39 GMT" time="326.160" errors="0">
  <testcase name="AddComentario" time="23.189" classname="compageObjectsTestsaviaDigital.AniadirAnotación"/>
  <testcase name="AddComentario" time="282.758" classname="compageObjectsTestsaviaDigital.AniadirAnotación"/>
  <testcase name="AddComentario" time="20.213" classname="compageObjectsTestsaviaDigital.AniadirAnotación"/>
</testsuite> <!-- compageObjectsTestsaviaDigital.AniadirAnotación -->
