<?xml version="1.0" encoding="UTF-8"?>
<!-- Generated by org.testng.reporters.JUnitReportReporter -->
<testsuite hostname="28APO2678" name="comPageObjectsTestSaviaDigital.CompararTituloLibro_Alumno" tests="1" failures="0" timestamp="22 Sep 2016 10:14:02 GMT" time="11.179" errors="0">
  <testcase name="CompararTituloAlumno" time="11.179" classname="comPageObjectsTestSaviaDigital.CompararTituloLibro_Alumno"/>
</testsuite> <!-- comPageObjectsTestSaviaDigital.CompararTituloLibro_Alumno -->
