<?xml version="1.0" encoding="UTF-8"?>
<!-- Generated by org.testng.reporters.JUnitReportReporter -->
<testsuite hostname="28APO2678" name="comPageObjectstestSmConectados.ContraseniaIncorrecta" tests="1" failures="0" timestamp="5 Jul 2016 08:33:13 GMT" time="4.520" errors="0">
  <testcase name="test_login_contrasenia_Incorrecta" time="4.520" classname="comPageObjectstestSmConectados.ContraseniaIncorrecta"/>
</testsuite> <!-- comPageObjectstestSmConectados.ContraseniaIncorrecta -->
