<?xml version="1.0" encoding="UTF-8"?>
<!-- Generated by org.testng.reporters.JUnitReportReporter -->
<testsuite hostname="28APO2678" name="comPageObjectsTestSaviaDigital.BorrarAnotacion" tests="1" failures="0" timestamp="22 Sep 2016 10:14:02 GMT" time="32.891" errors="0">
  <testcase name="Borrar_Anotacion" time="32.891" classname="comPageObjectsTestSaviaDigital.BorrarAnotacion"/>
</testsuite> <!-- comPageObjectsTestSaviaDigital.BorrarAnotacion -->
