<?xml version="1.0" encoding="UTF-8"?>
<!-- Generated by org.testng.reporters.JUnitReportReporter -->
<testsuite hostname="28APO2678" name="comPageObjectsTestSaviaDigital.VisibilidadFichero" tests="1" failures="0" timestamp="22 Sep 2016 12:53:03 GMT" time="11.383" errors="0">
  <testcase name="VisibilibadFicheros" time="11.383" classname="comPageObjectsTestSaviaDigital.VisibilidadFichero"/>
</testsuite> <!-- comPageObjectsTestSaviaDigital.VisibilidadFichero -->
