<?xml version="1.0" encoding="UTF-8"?>
<!-- Generated by org.testng.reporters.JUnitReportReporter -->
<testsuite hostname="28APO2678" name="comPageObjectsTestSaviaDigital.ReproducirAudioAlumno" tests="1" failures="0" timestamp="22 Sep 2016 12:53:03 GMT" time="15.385" errors="0">
  <testcase name="REproducirAudioAlumnos" time="15.385" classname="comPageObjectsTestSaviaDigital.ReproducirAudioAlumno"/>
</testsuite> <!-- comPageObjectsTestSaviaDigital.ReproducirAudioAlumno -->
