<?xml version="1.0" encoding="UTF-8"?>
<!-- Generated by org.testng.reporters.JUnitReportReporter -->
<testsuite hostname="28APO2678" name="comPageObjectsTestSaviaDigital.EntregarGaleria" tests="1" failures="0" timestamp="23 Sep 2016 08:25:36 GMT" time="58.141" errors="0">
  <testcase name="EntregarGalerias" time="58.141" classname="comPageObjectsTestSaviaDigital.EntregarGaleria"/>
</testsuite> <!-- comPageObjectsTestSaviaDigital.EntregarGaleria -->
