<?xml version="1.0" encoding="UTF-8"?>
<!-- Generated by org.testng.reporters.JUnitReportReporter -->
<testsuite hostname="28APO2678" name="comPageObjectsTestSaviaDigital.AsignarTareaIndividual" tests="1" failures="0" timestamp="22 Sep 2016 12:40:13 GMT" time="16.799" errors="0">
  <testcase name="AsignarTarea" time="16.799" classname="comPageObjectsTestSaviaDigital.AsignarTareaIndividual"/>
</testsuite> <!-- comPageObjectsTestSaviaDigital.AsignarTareaIndividual -->
