<?xml version="1.0" encoding="UTF-8"?>
<!-- Generated by org.testng.reporters.JUnitReportReporter -->
<testsuite hostname="28APO2678" name="comPageObjectsTestSaviaDigital.DesplegableUnidades" tests="1" failures="0" timestamp="22 Sep 2016 10:14:02 GMT" time="11.939" errors="0">
  <testcase name="MostrarUnidades" time="11.939" classname="comPageObjectsTestSaviaDigital.DesplegableUnidades"/>
</testsuite> <!-- comPageObjectsTestSaviaDigital.DesplegableUnidades -->
