<?xml version="1.0" encoding="UTF-8"?>
<!-- Generated by org.testng.reporters.JUnitReportReporter -->
<testsuite hostname="28APO2678" name="comPageObjectsTestSaviaDigital.VisibilidadIcono_Ojo" tests="1" failures="0" timestamp="22 Sep 2016 12:53:03 GMT" time="13.536" errors="0">
  <testcase name="VisibolidadIconoOJoDoc" time="13.536" classname="comPageObjectsTestSaviaDigital.VisibilidadIcono_Ojo"/>
</testsuite> <!-- comPageObjectsTestSaviaDigital.VisibilidadIcono_Ojo -->
