<?xml version="1.0" encoding="UTF-8"?>
<!-- Generated by org.testng.reporters.JUnitReportReporter -->
<testsuite hostname="28APO2678" name="comPageObjectsTestSaviaDigital.CompararTituloLibro_Profesor" tests="1" failures="0" timestamp="22 Sep 2016 10:14:02 GMT" time="10.948" errors="0">
  <testcase name="ComprarTitulo" time="10.948" classname="comPageObjectsTestSaviaDigital.CompararTituloLibro_Profesor"/>
</testsuite> <!-- comPageObjectsTestSaviaDigital.CompararTituloLibro_Profesor -->
