<?xml version="1.0" encoding="UTF-8"?>
<!-- Generated by org.testng.reporters.JUnitReportReporter -->
<testsuite hostname="28APO2678" name="comPageObjectsTestSaviaDigital.CrearEquipoForo" tests="1" failures="0" timestamp="16 Aug 2016 10:25:56 GMT" time="13.394" errors="0">
  <testcase name="aniadirdoc" time="13.394" classname="comPageObjectsTestSaviaDigital.CrearEquipoForo"/>
</testsuite> <!-- comPageObjectsTestSaviaDigital.CrearEquipoForo -->
