<?xml version="1.0" encoding="UTF-8"?>
<!-- Generated by org.testng.reporters.JUnitReportReporter -->
<testsuite hostname="28APO2678" name="comPageObjectsTestSaviaDigital.EditarRecursoPersonalizado" tests="1" failures="0" timestamp="22 Sep 2016 12:53:03 GMT" time="15.816" errors="0">
  <testcase name="EditarRecursoPersonalizadoProfesor" time="15.816" classname="comPageObjectsTestSaviaDigital.EditarRecursoPersonalizado"/>
</testsuite> <!-- comPageObjectsTestSaviaDigital.EditarRecursoPersonalizado -->
