<?xml version="1.0" encoding="UTF-8"?>
<!-- Generated by org.testng.reporters.JUnitReportReporter -->
<testsuite hostname="28APO2678" name="comPageObjectsTestSaviaDigital.PantallaCompleta" tests="1" failures="0" timestamp="17 Aug 2016 07:57:53 GMT" time="13.003" errors="0">
  <testcase name="seleccionarPantallaCompleta" time="13.003" classname="comPageObjectsTestSaviaDigital.PantallaCompleta"/>
</testsuite> <!-- comPageObjectsTestSaviaDigital.PantallaCompleta -->
