<?xml version="1.0" encoding="UTF-8"?>
<!-- Generated by org.testng.reporters.JUnitReportReporter -->
<testsuite hostname="28APO2678" name="comPageObjectsTestSaviaDigital.EditarNotaTareaCreadaProfesor1" tests="1" failures="0" timestamp="22 Sep 2016 12:40:13 GMT" time="12.598" errors="0">
  <testcase name="EditarNota" time="12.598" classname="comPageObjectsTestSaviaDigital.EditarNotaTareaCreadaProfesor1"/>
</testsuite> <!-- comPageObjectsTestSaviaDigital.EditarNotaTareaCreadaProfesor1 -->
