<?xml version="1.0" encoding="UTF-8"?>
<!-- Generated by org.testng.reporters.JUnitReportReporter -->
<testsuite hostname="28APO2678" name="comPageObjectsTestSaviaDigital.AniadirForo" tests="1" failures="0" timestamp="22 Sep 2016 12:40:13 GMT" time="16.344" errors="0">
  <testcase name="aniadirForoAlumnos" time="16.344" classname="comPageObjectsTestSaviaDigital.AniadirForo"/>
</testsuite> <!-- comPageObjectsTestSaviaDigital.AniadirForo -->
