<?xml version="1.0" encoding="UTF-8"?>
<!-- Generated by org.testng.reporters.JUnitReportReporter -->
<testsuite hostname="28APO2678" name="comPageObjectsTestSaviaDigital.SeleccionarEnlaceWebYoutubeAlunno" tests="1" failures="0" timestamp="29 Aug 2016 07:42:42 GMT" time="16.089" errors="0">
  <testcase name="ReproducirYouTubeAlumno" time="16.089" classname="comPageObjectsTestSaviaDigital.SeleccionarEnlaceWebYoutubeAlunno"/>
</testsuite> <!-- comPageObjectsTestSaviaDigital.SeleccionarEnlaceWebYoutubeAlunno -->
