<?xml version="1.0" encoding="UTF-8"?>
<!-- Generated by org.testng.reporters.JUnitReportReporter -->
<testsuite hostname="28APO2678" name="comPageObjectsTestSaviaDigital.SeleccionarEnlaceWebAluno" tests="1" failures="0" timestamp="22 Sep 2016 12:53:03 GMT" time="15.444" errors="0">
  <testcase name="SeleccionarLinkWebAlumno" time="15.444" classname="comPageObjectsTestSaviaDigital.SeleccionarEnlaceWebAluno"/>
</testsuite> <!-- comPageObjectsTestSaviaDigital.SeleccionarEnlaceWebAluno -->
