<?xml version="1.0" encoding="UTF-8"?>
<!-- Generated by org.testng.reporters.JUnitReportReporter -->
<testsuite hostname="28APO2678" name="comPageObjectsTestSaviaDigital.ContraseniaIncorrecta" tests="2" failures="0" timestamp="23 Sep 2016 09:36:08 GMT" time="8.097" errors="0">
  <testcase name="contraseniaIncorrecta" time="4.688" classname="comPageObjectsTestSaviaDigital.ContraseniaIncorrecta"/>
  <testcase name="contraseniaIncorrecta" time="3.409" classname="comPageObjectsTestSaviaDigital.ContraseniaIncorrecta"/>
</testsuite> <!-- comPageObjectsTestSaviaDigital.ContraseniaIncorrecta -->
