<?xml version="1.0" encoding="UTF-8"?>
<!-- Generated by org.testng.reporters.JUnitReportReporter -->
<testsuite hostname="28APO2678" name="comPageObjectsTestSaviaDigital.Notificaciones" tests="1" failures="0" timestamp="26 Aug 2016 08:01:30 GMT" time="8.429" errors="0">
  <testcase name="Nitificaciones" time="8.429" classname="comPageObjectsTestSaviaDigital.Notificaciones"/>
</testsuite> <!-- comPageObjectsTestSaviaDigital.Notificaciones -->
