<?xml version="1.0" encoding="UTF-8"?>
<!-- Generated by org.testng.reporters.JUnitReportReporter -->
<testsuite hostname="28APO2678" name="comPageObjectstestSmConectados.LoginSMConectados" tests="1" failures="0" timestamp="22 Aug 2016 09:07:58 GMT" time="2.510" errors="0">
  <testcase name="Login" time="2.510" classname="comPageObjectstestSmConectados.LoginSMConectados"/>
</testsuite> <!-- comPageObjectstestSmConectados.LoginSMConectados -->
