<?xml version="1.0" encoding="UTF-8"?>
<!-- Generated by org.testng.reporters.JUnitReportReporter -->
<testsuite hostname="28APO2678" name="comPageObjectsTestSaviaDigital.VerImagenGaleria" tests="1" failures="0" timestamp="23 Sep 2016 10:09:41 GMT" time="13.903" errors="0">
  <testcase name="EntregarGalerias" time="13.903" classname="comPageObjectsTestSaviaDigital.VerImagenGaleria"/>
</testsuite> <!-- comPageObjectsTestSaviaDigital.VerImagenGaleria -->
