<?xml version="1.0" encoding="UTF-8"?>
<!-- Generated by org.testng.reporters.JUnitReportReporter -->
<testsuite hostname="28APO2678" name="comPageObjectsTestSaviaDigital.OlvidoContrasenia" tests="2" failures="0" timestamp="23 Sep 2016 09:36:08 GMT" time="7.067" errors="0">
  <testcase name="RecuperarContrasenia" time="3.492" classname="comPageObjectsTestSaviaDigital.OlvidoContrasenia"/>
  <testcase name="RecuperarContrasenia" time="3.575" classname="comPageObjectsTestSaviaDigital.OlvidoContrasenia"/>
</testsuite> <!-- comPageObjectsTestSaviaDigital.OlvidoContrasenia -->
