<?xml version="1.0" encoding="UTF-8"?>
<!-- Generated by org.testng.reporters.JUnitReportReporter -->
<testsuite hostname="28APO2678" name="comPageObjectsTestSaviaDigital.RecursosDidacticosUnidad" tests="1" failures="0" timestamp="22 Sep 2016 12:26:41 GMT" time="16.215" errors="0">
  <testcase name="RecursosUndiad" time="16.215" classname="comPageObjectsTestSaviaDigital.RecursosDidacticosUnidad"/>
</testsuite> <!-- comPageObjectsTestSaviaDigital.RecursosDidacticosUnidad -->
