<?xml version="1.0" encoding="UTF-8"?>
<!-- Generated by org.testng.reporters.JUnitReportReporter -->
<testsuite hostname="28APO2678" name="comPageObjectstestSmConectados.OlvidoContrasenia" tests="1" failures="0" timestamp="22 Aug 2016 09:07:58 GMT" time="2.752" errors="0">
  <testcase name="recordarUsuario" time="2.752" classname="comPageObjectstestSmConectados.OlvidoContrasenia"/>
</testsuite> <!-- comPageObjectstestSmConectados.OlvidoContrasenia -->
