<?xml version="1.0" encoding="UTF-8"?>
<!-- Generated by org.testng.reporters.JUnitReportReporter -->
<testsuite hostname="28APO2678" name="comPageObjectsTestSaviaDigital.SeleccionarIdioma2" tests="1" failures="0" timestamp="31 Aug 2016 10:43:48 GMT" time="9.807" errors="0">
  <testcase name="ModificarIdioma" time="9.807" classname="comPageObjectsTestSaviaDigital.SeleccionarIdioma2"/>
</testsuite> <!-- comPageObjectsTestSaviaDigital.SeleccionarIdioma2 -->
