<?xml version="1.0" encoding="UTF-8"?>
<!-- Generated by org.testng.reporters.JUnitReportReporter -->
<testsuite hostname="28APO2678" name="comPageObjectsTestSaviaDigital.VisibilidadUrl2" tests="1" failures="0" timestamp="22 Sep 2016 12:53:03 GMT" time="14.206" errors="0">
  <testcase name="VerURALAlumno" time="14.206" classname="comPageObjectsTestSaviaDigital.VisibilidadUrl2"/>
</testsuite> <!-- comPageObjectsTestSaviaDigital.VisibilidadUrl2 -->
