<?xml version="1.0" encoding="UTF-8"?>
<!-- Generated by org.testng.reporters.JUnitReportReporter -->
<testsuite hostname="28APO2678" name="comPageObjectsTestSaviaDigital.VerTareaAsignada" tests="1" failures="0" timestamp="16 Aug 2016 08:56:22 GMT" time="16.851" errors="0">
  <testcase name="VeryRealizarTarea" time="16.851" classname="comPageObjectsTestSaviaDigital.VerTareaAsignada"/>
</testsuite> <!-- comPageObjectsTestSaviaDigital.VerTareaAsignada -->
