<?xml version="1.0" encoding="UTF-8"?>
<!-- Generated by org.testng.reporters.JUnitReportReporter -->
<testsuite hostname="28APO2678" name="comPageObjectsTestSaviaDigital.AniadirLicenciaAlumno" tests="1" failures="0" timestamp="17 Aug 2016 06:28:38 GMT" time="10.057" errors="0">
  <testcase name="AddLicencia" time="10.057" classname="comPageObjectsTestSaviaDigital.AniadirLicenciaAlumno"/>
</testsuite> <!-- comPageObjectsTestSaviaDigital.AniadirLicenciaAlumno -->
