<?xml version="1.0" encoding="UTF-8"?>
<!-- Generated by org.testng.reporters.JUnitReportReporter -->
<testsuite hostname="28APO2678" name="comPageObjectsTestSaviaDigital.AbrirPDFProfesor" tests="1" failures="0" timestamp="22 Sep 2016 12:53:03 GMT" time="15.772" errors="0">
  <testcase name="AbrirPDF" time="15.772" classname="comPageObjectsTestSaviaDigital.AbrirPDFProfesor"/>
</testsuite> <!-- comPageObjectsTestSaviaDigital.AbrirPDFProfesor -->
