<?xml version="1.0" encoding="UTF-8"?>
<!-- Generated by org.testng.reporters.JUnitReportReporter -->
<testsuite hostname="28APO2678" name="comPageObjectsTestSaviaDigital.NoHayNotificaciones1" tests="1" failures="0" timestamp="22 Sep 2016 12:40:13 GMT" time="7.904" errors="0">
  <testcase name="NotificacionesProfesor" time="7.904" classname="comPageObjectsTestSaviaDigital.NoHayNotificaciones1"/>
</testsuite> <!-- comPageObjectsTestSaviaDigital.NoHayNotificaciones1 -->
