<?xml version="1.0" encoding="UTF-8"?>
<!-- Generated by org.testng.reporters.JUnitReportReporter -->
<testsuite hostname="28APO2678" name="compageObjectsTestsaviaDigital.FullScreenVideoAlmno" tests="2" failures="0" timestamp="31 May 2016 11:22:44 GMT" time="58.942" errors="0">
  <testcase name="ReproducirVideoProfe" time="29.082" classname="compageObjectsTestsaviaDigital.FullScreenVideoAlmno"/>
  <testcase name="ReproducirVideoProfe" time="29.860" classname="compageObjectsTestsaviaDigital.FullScreenVideoAlmno"/>
</testsuite> <!-- compageObjectsTestsaviaDigital.FullScreenVideoAlmno -->
