<?xml version="1.0" encoding="UTF-8"?>
<!-- Generated by org.testng.reporters.JUnitReportReporter -->
<testsuite hostname="28APO2678" name="comPageObjectsTestSaviaDigital.SeleccionarEnlaceDocWordAlumno" tests="1" failures="0" timestamp="22 Sep 2016 12:53:03 GMT" time="12.656" errors="0">
  <testcase name="SeleccionarWordAlumno" time="12.656" classname="comPageObjectsTestSaviaDigital.SeleccionarEnlaceDocWordAlumno"/>
</testsuite> <!-- comPageObjectsTestSaviaDigital.SeleccionarEnlaceDocWordAlumno -->
