<?xml version="1.0" encoding="UTF-8"?>
<!-- Generated by org.testng.reporters.JUnitReportReporter -->
<testsuite hostname="28APO2678" name="comPageObjectsTestSaviaDigital.ReproducirVideo" tests="1" failures="0" timestamp="22 Sep 2016 12:53:03 GMT" time="17.332" errors="0">
  <testcase name="ReproducirVideoProfe" time="17.332" classname="comPageObjectsTestSaviaDigital.ReproducirVideo"/>
</testsuite> <!-- comPageObjectsTestSaviaDigital.ReproducirVideo -->
