<?xml version="1.0" encoding="UTF-8"?>
<!-- Generated by org.testng.reporters.JUnitReportReporter -->
<testsuite hostname="28APO2678" name="comPageObjectstestSmConectados.CambiarIdiomaProfesor" tests="1" failures="0" timestamp="29 Aug 2016 07:47:27 GMT" time="9.798" errors="0">
  <testcase name="cambiaridioma" time="9.798" classname="comPageObjectstestSmConectados.CambiarIdiomaProfesor"/>
</testsuite> <!-- comPageObjectstestSmConectados.CambiarIdiomaProfesor -->
