<?xml version="1.0" encoding="UTF-8"?>
<!-- Generated by org.testng.reporters.JUnitReportReporter -->
<testsuite hostname="28APO2678" name="comPageObjectstestSmConectados.ModificarDatos" tests="1" failures="0" timestamp="22 Aug 2016 09:07:58 GMT" time="11.023" errors="0">
  <testcase name="ModificarDatosUsuario" time="11.023" classname="comPageObjectstestSmConectados.ModificarDatos"/>
</testsuite> <!-- comPageObjectstestSmConectados.ModificarDatos -->
