<?xml version="1.0" encoding="UTF-8"?>
<!-- Generated by org.testng.reporters.JUnitReportReporter -->
<testsuite hostname="28APO2678" name="comPageObjectsTestSaviaDigital.EditarAnotacion" tests="1" failures="0" timestamp="22 Sep 2016 10:14:02 GMT" time="31.974" errors="0">
  <testcase name="EditAnotciones" time="31.974" classname="comPageObjectsTestSaviaDigital.EditarAnotacion"/>
</testsuite> <!-- comPageObjectsTestSaviaDigital.EditarAnotacion -->
