<?xml version="1.0" encoding="UTF-8"?>
<!-- Generated by org.testng.reporters.JUnitReportReporter -->
<testsuite hostname="28APO2678" name="comPageObjectstestSmConectados.CrearNuevoUsuario" tests="1" failures="0" timestamp="16 Aug 2016 10:40:35 GMT" time="8.667" errors="0">
  <testcase name="testCrearNuevoUsuario" time="8.667" classname="comPageObjectstestSmConectados.CrearNuevoUsuario"/>
</testsuite> <!-- comPageObjectstestSmConectados.CrearNuevoUsuario -->
