<?xml version="1.0" encoding="UTF-8"?>
<!-- Generated by org.testng.reporters.JUnitReportReporter -->
<testsuite hostname="28APO2678" name="comPageObjectsTestSaviaDigital.SeleccionarUnidadTrimestral" tests="2" failures="0" timestamp="22 Sep 2016 12:30:17 GMT" time="28.730" errors="0">
  <testcase name="seleccionarcierreTrimestral" time="13.226" classname="comPageObjectsTestSaviaDigital.SeleccionarUnidadTrimestral"/>
  <testcase name="seleccionarcierreTrimestral" time="15.504" classname="comPageObjectsTestSaviaDigital.SeleccionarUnidadTrimestral"/>
</testsuite> <!-- comPageObjectsTestSaviaDigital.SeleccionarUnidadTrimestral -->
