<?xml version="1.0" encoding="UTF-8"?>
<!-- Generated by org.testng.reporters.JUnitReportReporter -->
<testsuite hostname="28APO2678" name="comPageObjectstestSmConectados.MiEspacio" tests="1" failures="0" timestamp="18 Aug 2016 08:45:43 GMT" time="8.980" errors="0">
  <testcase name="Mislibros" time="8.980" classname="comPageObjectstestSmConectados.MiEspacio"/>
</testsuite> <!-- comPageObjectstestSmConectados.MiEspacio -->
