<?xml version="1.0" encoding="UTF-8"?>
<!-- Generated by org.testng.reporters.JUnitReportReporter -->
<testsuite hostname="28APO2678" name="comPageObjectsTestSaviaDigital.EditarForo" tests="1" failures="0" timestamp="16 Aug 2016 09:54:28 GMT" time="14.570" errors="0">
  <testcase name="EditarForos" time="14.570" classname="comPageObjectsTestSaviaDigital.EditarForo"/>
</testsuite> <!-- comPageObjectsTestSaviaDigital.EditarForo -->
